LibBetterPickers/build/outputs/logs/manifest-merger-release-report.txt
-- Merging decision tree log ---
manifest
ADDED from Cloudcoding/LibBetterPickers/AndroidManifest.xml:3:1-8:12
INJECTED from Cloudcoding/LibBetterPickers/AndroidManifest.xml:3:1-8:12
INJECTED from Cloudcoding/LibBetterPickers/AndroidManifest.xml:3:1-8:12
INJECTED from Cloudcoding/LibBetterPickers/AndroidManifest.xml:3:1-8:12
INJECTED from Cloudcoding/LibBetterPickers/AndroidManifest.xml:3:1-8:12
INJECTED from Cloudcoding/LibBetterPickers/AndroidManifest.xml:3:1-8:12
INJECTED from Cloudcoding/LibBetterPickers/AndroidManifest.xml:3:1-8:12
	package
		ADDED from Cloudcoding/LibBetterPickers/AndroidManifest.xml:4:5-48
		INJECTED from Cloudcoding/LibBetterPickers/AndroidManifest.xml
		INJECTED from Cloudcoding/LibBetterPickers/AndroidManifest.xml
	android:versionName
		ADDED from Cloudcoding/LibBetterPickers/AndroidManifest.xml:6:5-32
		INJECTED from Cloudcoding/LibBetterPickers/AndroidManifest.xml
		INJECTED from Cloudcoding/LibBetterPickers/AndroidManifest.xml
	xmlns:android
		ADDED from Cloudcoding/LibBetterPickers/AndroidManifest.xml:3:11-69
	android:versionCode
		ADDED from Cloudcoding/LibBetterPickers/AndroidManifest.xml:5:5-28
		INJECTED from Cloudcoding/LibBetterPickers/AndroidManifest.xml
		INJECTED from Cloudcoding/LibBetterPickers/AndroidManifest.xml
uses-sdk
INJECTED from Cloudcoding/LibBetterPickers/AndroidManifest.xml reason: use-sdk injection requested
INJECTED from Cloudcoding/LibBetterPickers/AndroidManifest.xml
INJECTED from Cloudcoding/LibBetterPickers/AndroidManifest.xml
INJECTED from Cloudcoding/LibBetterPickers/AndroidManifest.xml
INJECTED from Cloudcoding/LibBetterPickers/AndroidManifest.xml
	android:targetSdkVersion
		INJECTED from Cloudcoding/LibBetterPickers/AndroidManifest.xml
		ADDED from Cloudcoding/LibBetterPickers/AndroidManifest.xml
		INJECTED from Cloudcoding/LibBetterPickers/AndroidManifest.xml
	android:minSdkVersion
		INJECTED from Cloudcoding/LibBetterPickers/AndroidManifest.xml
		ADDED from Cloudcoding/LibBetterPickers/AndroidManifest.xml
		INJECTED from Cloudcoding/LibBetterPickers/AndroidManifest.xml